[     123ms] [LOG] [C3I] Live data system active. Press ? for keyboard shortcuts. @ https://vm-1.tail55d152.ts.net:4100/planning:463
[     162ms] [WARNING] [SSE] Connection lost. Re-orienting... @ https://vm-1.tail55d152.ts.net:4100/planning:390
[     219ms] [WARNING] Filter Error - Cannot build header filter, No such editor found:  undefined @ https://unpkg.com/tabulator-tables@6.3.1/dist/js/tabulator.min.js:1
[     220ms] [WARNING] Filter Error - Cannot build header filter, No such editor found:  undefined @ https://unpkg.com/tabulator-tables@6.3.1/dist/js/tabulator.min.js:1
[     220ms] [WARNING] Filter Error - Cannot build header filter, No such editor found:  undefined @ https://unpkg.com/tabulator-tables@6.3.1/dist/js/tabulator.min.js:1
[     269ms] [WARNING] Filter Error - Cannot build header filter, No such editor found:  undefined @ https://unpkg.com/tabulator-tables@6.3.1/dist/js/tabulator.min.js:1
[     270ms] [WARNING] Filter Error - Cannot build header filter, No such editor found:  undefined @ https://unpkg.com/tabulator-tables@6.3.1/dist/js/tabulator.min.js:1
[     270ms] [WARNING] Filter Error - Cannot build header filter, No such editor found:  undefined @ https://unpkg.com/tabulator-tables@6.3.1/dist/js/tabulator.min.js:1
[     293ms] [WARNING] Filter Error - Cannot build header filter, No such editor found:  undefined @ https://unpkg.com/tabulator-tables@6.3.1/dist/js/tabulator.min.js:1
[     293ms] [WARNING] Filter Error - Cannot build header filter, No such editor found:  undefined @ https://unpkg.com/tabulator-tables@6.3.1/dist/js/tabulator.min.js:1
[     293ms] [WARNING] Filter Error - Cannot build header filter, No such editor found:  undefined @ https://unpkg.com/tabulator-tables@6.3.1/dist/js/tabulator.min.js:1
[     325ms] [LOG] [Dashboard] Heartbeat update received. @ https://vm-1.tail55d152.ts.net:4100/planning:374
[    5165ms] [WARNING] [SSE] Connection lost. Re-orienting... @ https://vm-1.tail55d152.ts.net:4100/planning:390
[   10162ms] [LOG] [Dashboard] Heartbeat update received. @ https://vm-1.tail55d152.ts.net:4100/planning:374
[   10168ms] [WARNING] [SSE] Connection lost. Re-orienting... @ https://vm-1.tail55d152.ts.net:4100/planning:390
[   15171ms] [WARNING] [SSE] Connection lost. Re-orienting... @ https://vm-1.tail55d152.ts.net:4100/planning:390
[   20163ms] [LOG] [Dashboard] Heartbeat update received. @ https://vm-1.tail55d152.ts.net:4100/planning:374
[   20176ms] [WARNING] [SSE] Connection lost. Re-orienting... @ https://vm-1.tail55d152.ts.net:4100/planning:390
[   25181ms] [WARNING] [SSE] Connection lost. Re-orienting... @ https://vm-1.tail55d152.ts.net:4100/planning:390
[   30162ms] [LOG] [Dashboard] Heartbeat update received. @ https://vm-1.tail55d152.ts.net:4100/planning:374
[   30185ms] [WARNING] [SSE] Connection lost. Re-orienting... @ https://vm-1.tail55d152.ts.net:4100/planning:390
[   35196ms] [WARNING] [SSE] Connection lost. Re-orienting... @ https://vm-1.tail55d152.ts.net:4100/planning:390
[   40164ms] [LOG] [Dashboard] Heartbeat update received. @ https://vm-1.tail55d152.ts.net:4100/planning:374
[   40200ms] [WARNING] [SSE] Connection lost. Re-orienting... @ https://vm-1.tail55d152.ts.net:4100/planning:390
[   45203ms] [WARNING] [SSE] Connection lost. Re-orienting... @ https://vm-1.tail55d152.ts.net:4100/planning:390
[   50162ms] [LOG] [Dashboard] Heartbeat update received. @ https://vm-1.tail55d152.ts.net:4100/planning:374
[   50206ms] [WARNING] [SSE] Connection lost. Re-orienting... @ https://vm-1.tail55d152.ts.net:4100/planning:390
[   55210ms] [WARNING] [SSE] Connection lost. Re-orienting... @ https://vm-1.tail55d152.ts.net:4100/planning:390
[   60173ms] [LOG] [Dashboard] Heartbeat update received. @ https://vm-1.tail55d152.ts.net:4100/planning:374
[   60213ms] [WARNING] [SSE] Connection lost. Re-orienting... @ https://vm-1.tail55d152.ts.net:4100/planning:390
[   65217ms] [WARNING] [SSE] Connection lost. Re-orienting... @ https://vm-1.tail55d152.ts.net:4100/planning:390
[   70160ms] [LOG] [Dashboard] Heartbeat update received. @ https://vm-1.tail55d152.ts.net:4100/planning:374
[   70221ms] [WARNING] [SSE] Connection lost. Re-orienting... @ https://vm-1.tail55d152.ts.net:4100/planning:390
[   75225ms] [WARNING] [SSE] Connection lost. Re-orienting... @ https://vm-1.tail55d152.ts.net:4100/planning:390
[   80164ms] [LOG] [Dashboard] Heartbeat update received. @ https://vm-1.tail55d152.ts.net:4100/planning:374
[   80229ms] [WARNING] [SSE] Connection lost. Re-orienting... @ https://vm-1.tail55d152.ts.net:4100/planning:390
[   85232ms] [WARNING] [SSE] Connection lost. Re-orienting... @ https://vm-1.tail55d152.ts.net:4100/planning:390
[   90175ms] [LOG] [Dashboard] Heartbeat update received. @ https://vm-1.tail55d152.ts.net:4100/planning:374
[   90236ms] [WARNING] [SSE] Connection lost. Re-orienting... @ https://vm-1.tail55d152.ts.net:4100/planning:390
[   95240ms] [WARNING] [SSE] Connection lost. Re-orienting... @ https://vm-1.tail55d152.ts.net:4100/planning:390
[  100157ms] [LOG] [Dashboard] Heartbeat update received. @ https://vm-1.tail55d152.ts.net:4100/planning:374
[  100244ms] [WARNING] [SSE] Connection lost. Re-orienting... @ https://vm-1.tail55d152.ts.net:4100/planning:390
[  105248ms] [WARNING] [SSE] Connection lost. Re-orienting... @ https://vm-1.tail55d152.ts.net:4100/planning:390
[  110162ms] [LOG] [Dashboard] Heartbeat update received. @ https://vm-1.tail55d152.ts.net:4100/planning:374
[  110252ms] [WARNING] [SSE] Connection lost. Re-orienting... @ https://vm-1.tail55d152.ts.net:4100/planning:390
[  115256ms] [WARNING] [SSE] Connection lost. Re-orienting... @ https://vm-1.tail55d152.ts.net:4100/planning:390
[  120165ms] [LOG] [Dashboard] Heartbeat update received. @ https://vm-1.tail55d152.ts.net:4100/planning:374
[  120259ms] [WARNING] [SSE] Connection lost. Re-orienting... @ https://vm-1.tail55d152.ts.net:4100/planning:390
[  125265ms] [WARNING] [SSE] Connection lost. Re-orienting... @ https://vm-1.tail55d152.ts.net:4100/planning:390
[  130159ms] [LOG] [Dashboard] Heartbeat update received. @ https://vm-1.tail55d152.ts.net:4100/planning:374
[  130270ms] [WARNING] [SSE] Connection lost. Re-orienting... @ https://vm-1.tail55d152.ts.net:4100/planning:390
[  135273ms] [WARNING] [SSE] Connection lost. Re-orienting... @ https://vm-1.tail55d152.ts.net:4100/planning:390
[  140167ms] [LOG] [Dashboard] Heartbeat update received. @ https://vm-1.tail55d152.ts.net:4100/planning:374
[  140277ms] [WARNING] [SSE] Connection lost. Re-orienting... @ https://vm-1.tail55d152.ts.net:4100/planning:390
[  145281ms] [WARNING] [SSE] Connection lost. Re-orienting... @ https://vm-1.tail55d152.ts.net:4100/planning:390
[  150162ms] [LOG] [Dashboard] Heartbeat update received. @ https://vm-1.tail55d152.ts.net:4100/planning:374
[  150285ms] [WARNING] [SSE] Connection lost. Re-orienting... @ https://vm-1.tail55d152.ts.net:4100/planning:390
[  155289ms] [WARNING] [SSE] Connection lost. Re-orienting... @ https://vm-1.tail55d152.ts.net:4100/planning:390
[  160166ms] [LOG] [Dashboard] Heartbeat update received. @ https://vm-1.tail55d152.ts.net:4100/planning:374
[  160293ms] [WARNING] [SSE] Connection lost. Re-orienting... @ https://vm-1.tail55d152.ts.net:4100/planning:390
[  165296ms] [WARNING] [SSE] Connection lost. Re-orienting... @ https://vm-1.tail55d152.ts.net:4100/planning:390
[  170163ms] [LOG] [Dashboard] Heartbeat update received. @ https://vm-1.tail55d152.ts.net:4100/planning:374
[  170300ms] [WARNING] [SSE] Connection lost. Re-orienting... @ https://vm-1.tail55d152.ts.net:4100/planning:390
[  175303ms] [WARNING] [SSE] Connection lost. Re-orienting... @ https://vm-1.tail55d152.ts.net:4100/planning:390
[  180163ms] [LOG] [Dashboard] Heartbeat update received. @ https://vm-1.tail55d152.ts.net:4100/planning:374
[  180307ms] [WARNING] [SSE] Connection lost. Re-orienting... @ https://vm-1.tail55d152.ts.net:4100/planning:390
[  185311ms] [WARNING] [SSE] Connection lost. Re-orienting... @ https://vm-1.tail55d152.ts.net:4100/planning:390
[  190157ms] [LOG] [Dashboard] Heartbeat update received. @ https://vm-1.tail55d152.ts.net:4100/planning:374
[  190314ms] [WARNING] [SSE] Connection lost. Re-orienting... @ https://vm-1.tail55d152.ts.net:4100/planning:390
[  195318ms] [WARNING] [SSE] Connection lost. Re-orienting... @ https://vm-1.tail55d152.ts.net:4100/planning:390
[  200162ms] [LOG] [Dashboard] Heartbeat update received. @ https://vm-1.tail55d152.ts.net:4100/planning:374
[  200321ms] [WARNING] [SSE] Connection lost. Re-orienting... @ https://vm-1.tail55d152.ts.net:4100/planning:390
[  205325ms] [WARNING] [SSE] Connection lost. Re-orienting... @ https://vm-1.tail55d152.ts.net:4100/planning:390
[  210163ms] [LOG] [Dashboard] Heartbeat update received. @ https://vm-1.tail55d152.ts.net:4100/planning:374
[  210329ms] [WARNING] [SSE] Connection lost. Re-orienting... @ https://vm-1.tail55d152.ts.net:4100/planning:390
[  215333ms] [WARNING] [SSE] Connection lost. Re-orienting... @ https://vm-1.tail55d152.ts.net:4100/planning:390
[  220158ms] [LOG] [Dashboard] Heartbeat update received. @ https://vm-1.tail55d152.ts.net:4100/planning:374
[  220337ms] [WARNING] [SSE] Connection lost. Re-orienting... @ https://vm-1.tail55d152.ts.net:4100/planning:390
[  225340ms] [WARNING] [SSE] Connection lost. Re-orienting... @ https://vm-1.tail55d152.ts.net:4100/planning:390
[  230163ms] [LOG] [Dashboard] Heartbeat update received. @ https://vm-1.tail55d152.ts.net:4100/planning:374
[  230346ms] [WARNING] [SSE] Connection lost. Re-orienting... @ https://vm-1.tail55d152.ts.net:4100/planning:390
[  235350ms] [WARNING] [SSE] Connection lost. Re-orienting... @ https://vm-1.tail55d152.ts.net:4100/planning:390
[  240159ms] [LOG] [Dashboard] Heartbeat update received. @ https://vm-1.tail55d152.ts.net:4100/planning:374
[  240354ms] [WARNING] [SSE] Connection lost. Re-orienting... @ https://vm-1.tail55d152.ts.net:4100/planning:390
[  245358ms] [WARNING] [SSE] Connection lost. Re-orienting... @ https://vm-1.tail55d152.ts.net:4100/planning:390
[  250181ms] [LOG] [Dashboard] Heartbeat update received. @ https://vm-1.tail55d152.ts.net:4100/planning:374
[  250362ms] [WARNING] [SSE] Connection lost. Re-orienting... @ https://vm-1.tail55d152.ts.net:4100/planning:390
[  255365ms] [WARNING] [SSE] Connection lost. Re-orienting... @ https://vm-1.tail55d152.ts.net:4100/planning:390
[  260159ms] [LOG] [Dashboard] Heartbeat update received. @ https://vm-1.tail55d152.ts.net:4100/planning:374
[  260371ms] [WARNING] [SSE] Connection lost. Re-orienting... @ https://vm-1.tail55d152.ts.net:4100/planning:390
[  265375ms] [WARNING] [SSE] Connection lost. Re-orienting... @ https://vm-1.tail55d152.ts.net:4100/planning:390
[  270164ms] [LOG] [Dashboard] Heartbeat update received. @ https://vm-1.tail55d152.ts.net:4100/planning:374
[  270379ms] [WARNING] [SSE] Connection lost. Re-orienting... @ https://vm-1.tail55d152.ts.net:4100/planning:390
[  275382ms] [WARNING] [SSE] Connection lost. Re-orienting... @ https://vm-1.tail55d152.ts.net:4100/planning:390
[  280166ms] [LOG] [Dashboard] Heartbeat update received. @ https://vm-1.tail55d152.ts.net:4100/planning:374
[  280386ms] [WARNING] [SSE] Connection lost. Re-orienting... @ https://vm-1.tail55d152.ts.net:4100/planning:390
[  285391ms] [WARNING] [SSE] Connection lost. Re-orienting... @ https://vm-1.tail55d152.ts.net:4100/planning:390
[  290172ms] [LOG] [Dashboard] Heartbeat update received. @ https://vm-1.tail55d152.ts.net:4100/planning:374
[  290395ms] [WARNING] [SSE] Connection lost. Re-orienting... @ https://vm-1.tail55d152.ts.net:4100/planning:390
[  295400ms] [WARNING] [SSE] Connection lost. Re-orienting... @ https://vm-1.tail55d152.ts.net:4100/planning:390
[  300171ms] [LOG] [Dashboard] Heartbeat update received. @ https://vm-1.tail55d152.ts.net:4100/planning:374
[  300404ms] [WARNING] [SSE] Connection lost. Re-orienting... @ https://vm-1.tail55d152.ts.net:4100/planning:390
[  305407ms] [WARNING] [SSE] Connection lost. Re-orienting... @ https://vm-1.tail55d152.ts.net:4100/planning:390
[  310160ms] [LOG] [Dashboard] Heartbeat update received. @ https://vm-1.tail55d152.ts.net:4100/planning:374
[  310411ms] [WARNING] [SSE] Connection lost. Re-orienting... @ https://vm-1.tail55d152.ts.net:4100/planning:390
[  315415ms] [WARNING] [SSE] Connection lost. Re-orienting... @ https://vm-1.tail55d152.ts.net:4100/planning:390
[  320167ms] [LOG] [Dashboard] Heartbeat update received. @ https://vm-1.tail55d152.ts.net:4100/planning:374
[  320419ms] [WARNING] [SSE] Connection lost. Re-orienting... @ https://vm-1.tail55d152.ts.net:4100/planning:390
[  325423ms] [WARNING] [SSE] Connection lost. Re-orienting... @ https://vm-1.tail55d152.ts.net:4100/planning:390
[  330173ms] [LOG] [Dashboard] Heartbeat update received. @ https://vm-1.tail55d152.ts.net:4100/planning:374
[  330428ms] [WARNING] [SSE] Connection lost. Re-orienting... @ https://vm-1.tail55d152.ts.net:4100/planning:390
[  335432ms] [WARNING] [SSE] Connection lost. Re-orienting... @ https://vm-1.tail55d152.ts.net:4100/planning:390
[  340167ms] [LOG] [Dashboard] Heartbeat update received. @ https://vm-1.tail55d152.ts.net:4100/planning:374
[  340436ms] [WARNING] [SSE] Connection lost. Re-orienting... @ https://vm-1.tail55d152.ts.net:4100/planning:390
[  345440ms] [WARNING] [SSE] Connection lost. Re-orienting... @ https://vm-1.tail55d152.ts.net:4100/planning:390
[  350165ms] [LOG] [Dashboard] Heartbeat update received. @ https://vm-1.tail55d152.ts.net:4100/planning:374
[  350444ms] [WARNING] [SSE] Connection lost. Re-orienting... @ https://vm-1.tail55d152.ts.net:4100/planning:390
[  355449ms] [WARNING] [SSE] Connection lost. Re-orienting... @ https://vm-1.tail55d152.ts.net:4100/planning:390
[  360161ms] [LOG] [Dashboard] Heartbeat update received. @ https://vm-1.tail55d152.ts.net:4100/planning:374
[  360452ms] [WARNING] [SSE] Connection lost. Re-orienting... @ https://vm-1.tail55d152.ts.net:4100/planning:390
[  365456ms] [WARNING] [SSE] Connection lost. Re-orienting... @ https://vm-1.tail55d152.ts.net:4100/planning:390
[  370163ms] [LOG] [Dashboard] Heartbeat update received. @ https://vm-1.tail55d152.ts.net:4100/planning:374
[  370460ms] [WARNING] [SSE] Connection lost. Re-orienting... @ https://vm-1.tail55d152.ts.net:4100/planning:390
[  375464ms] [WARNING] [SSE] Connection lost. Re-orienting... @ https://vm-1.tail55d152.ts.net:4100/planning:390
[  380158ms] [LOG] [Dashboard] Heartbeat update received. @ https://vm-1.tail55d152.ts.net:4100/planning:374
[  380467ms] [WARNING] [SSE] Connection lost. Re-orienting... @ https://vm-1.tail55d152.ts.net:4100/planning:390
[  385471ms] [WARNING] [SSE] Connection lost. Re-orienting... @ https://vm-1.tail55d152.ts.net:4100/planning:390
[  390159ms] [LOG] [Dashboard] Heartbeat update received. @ https://vm-1.tail55d152.ts.net:4100/planning:374
[  390475ms] [WARNING] [SSE] Connection lost. Re-orienting... @ https://vm-1.tail55d152.ts.net:4100/planning:390
[  395479ms] [WARNING] [SSE] Connection lost. Re-orienting... @ https://vm-1.tail55d152.ts.net:4100/planning:390
[  400159ms] [LOG] [Dashboard] Heartbeat update received. @ https://vm-1.tail55d152.ts.net:4100/planning:374
[  400482ms] [WARNING] [SSE] Connection lost. Re-orienting... @ https://vm-1.tail55d152.ts.net:4100/planning:390
[  405488ms] [WARNING] [SSE] Connection lost. Re-orienting... @ https://vm-1.tail55d152.ts.net:4100/planning:390
[  410160ms] [LOG] [Dashboard] Heartbeat update received. @ https://vm-1.tail55d152.ts.net:4100/planning:374
[  410492ms] [WARNING] [SSE] Connection lost. Re-orienting... @ https://vm-1.tail55d152.ts.net:4100/planning:390
[  415496ms] [WARNING] [SSE] Connection lost. Re-orienting... @ https://vm-1.tail55d152.ts.net:4100/planning:390
[  420175ms] [LOG] [Dashboard] Heartbeat update received. @ https://vm-1.tail55d152.ts.net:4100/planning:374
[  420500ms] [WARNING] [SSE] Connection lost. Re-orienting... @ https://vm-1.tail55d152.ts.net:4100/planning:390
[  425504ms] [WARNING] [SSE] Connection lost. Re-orienting... @ https://vm-1.tail55d152.ts.net:4100/planning:390
[  430178ms] [LOG] [Dashboard] Heartbeat update received. @ https://vm-1.tail55d152.ts.net:4100/planning:374
[  430508ms] [WARNING] [SSE] Connection lost. Re-orienting... @ https://vm-1.tail55d152.ts.net:4100/planning:390
[  435511ms] [WARNING] [SSE] Connection lost. Re-orienting... @ https://vm-1.tail55d152.ts.net:4100/planning:390
[  440153ms] [LOG] [Dashboard] Heartbeat update received. @ https://vm-1.tail55d152.ts.net:4100/planning:374
[  440515ms] [WARNING] [SSE] Connection lost. Re-orienting... @ https://vm-1.tail55d152.ts.net:4100/planning:390
[  445520ms] [WARNING] [SSE] Connection lost. Re-orienting... @ https://vm-1.tail55d152.ts.net:4100/planning:390
[  450159ms] [LOG] [Dashboard] Heartbeat update received. @ https://vm-1.tail55d152.ts.net:4100/planning:374
[  450524ms] [WARNING] [SSE] Connection lost. Re-orienting... @ https://vm-1.tail55d152.ts.net:4100/planning:390
[  455528ms] [WARNING] [SSE] Connection lost. Re-orienting... @ https://vm-1.tail55d152.ts.net:4100/planning:390
[  460157ms] [LOG] [Dashboard] Heartbeat update received. @ https://vm-1.tail55d152.ts.net:4100/planning:374
[  460533ms] [WARNING] [SSE] Connection lost. Re-orienting... @ https://vm-1.tail55d152.ts.net:4100/planning:390
[  465537ms] [WARNING] [SSE] Connection lost. Re-orienting... @ https://vm-1.tail55d152.ts.net:4100/planning:390
[  470156ms] [LOG] [Dashboard] Heartbeat update received. @ https://vm-1.tail55d152.ts.net:4100/planning:374
[  470541ms] [WARNING] [SSE] Connection lost. Re-orienting... @ https://vm-1.tail55d152.ts.net:4100/planning:390
[  475545ms] [WARNING] [SSE] Connection lost. Re-orienting... @ https://vm-1.tail55d152.ts.net:4100/planning:390
[  480159ms] [LOG] [Dashboard] Heartbeat update received. @ https://vm-1.tail55d152.ts.net:4100/planning:374
[  480549ms] [WARNING] [SSE] Connection lost. Re-orienting... @ https://vm-1.tail55d152.ts.net:4100/planning:390
[  485553ms] [WARNING] [SSE] Connection lost. Re-orienting... @ https://vm-1.tail55d152.ts.net:4100/planning:390
[  490159ms] [LOG] [Dashboard] Heartbeat update received. @ https://vm-1.tail55d152.ts.net:4100/planning:374
[  490556ms] [WARNING] [SSE] Connection lost. Re-orienting... @ https://vm-1.tail55d152.ts.net:4100/planning:390
[  495560ms] [WARNING] [SSE] Connection lost. Re-orienting... @ https://vm-1.tail55d152.ts.net:4100/planning:390
[  500174ms] [LOG] [Dashboard] Heartbeat update received. @ https://vm-1.tail55d152.ts.net:4100/planning:374
[  500565ms] [WARNING] [SSE] Connection lost. Re-orienting... @ https://vm-1.tail55d152.ts.net:4100/planning:390
[  505569ms] [WARNING] [SSE] Connection lost. Re-orienting... @ https://vm-1.tail55d152.ts.net:4100/planning:390
[  510162ms] [LOG] [Dashboard] Heartbeat update received. @ https://vm-1.tail55d152.ts.net:4100/planning:374
[  510573ms] [WARNING] [SSE] Connection lost. Re-orienting... @ https://vm-1.tail55d152.ts.net:4100/planning:390
[  515578ms] [WARNING] [SSE] Connection lost. Re-orienting... @ https://vm-1.tail55d152.ts.net:4100/planning:390
[  520157ms] [LOG] [Dashboard] Heartbeat update received. @ https://vm-1.tail55d152.ts.net:4100/planning:374
[  520582ms] [WARNING] [SSE] Connection lost. Re-orienting... @ https://vm-1.tail55d152.ts.net:4100/planning:390
[  525587ms] [WARNING] [SSE] Connection lost. Re-orienting... @ https://vm-1.tail55d152.ts.net:4100/planning:390
[  530170ms] [LOG] [Dashboard] Heartbeat update received. @ https://vm-1.tail55d152.ts.net:4100/planning:374
[  530591ms] [WARNING] [SSE] Connection lost. Re-orienting... @ https://vm-1.tail55d152.ts.net:4100/planning:390
[  535595ms] [WARNING] [SSE] Connection lost. Re-orienting... @ https://vm-1.tail55d152.ts.net:4100/planning:390
[  540156ms] [LOG] [Dashboard] Heartbeat update received. @ https://vm-1.tail55d152.ts.net:4100/planning:374
[  540599ms] [WARNING] [SSE] Connection lost. Re-orienting... @ https://vm-1.tail55d152.ts.net:4100/planning:390
[  545602ms] [WARNING] [SSE] Connection lost. Re-orienting... @ https://vm-1.tail55d152.ts.net:4100/planning:390
[  550175ms] [LOG] [Dashboard] Heartbeat update received. @ https://vm-1.tail55d152.ts.net:4100/planning:374
[  550605ms] [WARNING] [SSE] Connection lost. Re-orienting... @ https://vm-1.tail55d152.ts.net:4100/planning:390
[  555609ms] [WARNING] [SSE] Connection lost. Re-orienting... @ https://vm-1.tail55d152.ts.net:4100/planning:390
[  560155ms] [LOG] [Dashboard] Heartbeat update received. @ https://vm-1.tail55d152.ts.net:4100/planning:374
[  560612ms] [WARNING] [SSE] Connection lost. Re-orienting... @ https://vm-1.tail55d152.ts.net:4100/planning:390
[  565620ms] [WARNING] [SSE] Connection lost. Re-orienting... @ https://vm-1.tail55d152.ts.net:4100/planning:390
[  570163ms] [LOG] [Dashboard] Heartbeat update received. @ https://vm-1.tail55d152.ts.net:4100/planning:374
[  570624ms] [WARNING] [SSE] Connection lost. Re-orienting... @ https://vm-1.tail55d152.ts.net:4100/planning:390
[  575628ms] [WARNING] [SSE] Connection lost. Re-orienting... @ https://vm-1.tail55d152.ts.net:4100/planning:390
[  580168ms] [LOG] [Dashboard] Heartbeat update received. @ https://vm-1.tail55d152.ts.net:4100/planning:374
[  580633ms] [WARNING] [SSE] Connection lost. Re-orienting... @ https://vm-1.tail55d152.ts.net:4100/planning:390
[  585638ms] [WARNING] [SSE] Connection lost. Re-orienting... @ https://vm-1.tail55d152.ts.net:4100/planning:390
[  590163ms] [LOG] [Dashboard] Heartbeat update received. @ https://vm-1.tail55d152.ts.net:4100/planning:374
[  590641ms] [WARNING] [SSE] Connection lost. Re-orienting... @ https://vm-1.tail55d152.ts.net:4100/planning:390
[  595647ms] [WARNING] [SSE] Connection lost. Re-orienting... @ https://vm-1.tail55d152.ts.net:4100/planning:390
[  600159ms] [LOG] [Dashboard] Heartbeat update received. @ https://vm-1.tail55d152.ts.net:4100/planning:374
[  600650ms] [WARNING] [SSE] Connection lost. Re-orienting... @ https://vm-1.tail55d152.ts.net:4100/planning:390
[  605654ms] [WARNING] [SSE] Connection lost. Re-orienting... @ https://vm-1.tail55d152.ts.net:4100/planning:390
[  610170ms] [LOG] [Dashboard] Heartbeat update received. @ https://vm-1.tail55d152.ts.net:4100/planning:374
[  610663ms] [WARNING] [SSE] Connection lost. Re-orienting... @ https://vm-1.tail55d152.ts.net:4100/planning:390
[  615667ms] [WARNING] [SSE] Connection lost. Re-orienting... @ https://vm-1.tail55d152.ts.net:4100/planning:390
[  620160ms] [LOG] [Dashboard] Heartbeat update received. @ https://vm-1.tail55d152.ts.net:4100/planning:374
[  620670ms] [WARNING] [SSE] Connection lost. Re-orienting... @ https://vm-1.tail55d152.ts.net:4100/planning:390
[  625674ms] [WARNING] [SSE] Connection lost. Re-orienting... @ https://vm-1.tail55d152.ts.net:4100/planning:390
[  630166ms] [LOG] [Dashboard] Heartbeat update received. @ https://vm-1.tail55d152.ts.net:4100/planning:374
[  630679ms] [WARNING] [SSE] Connection lost. Re-orienting... @ https://vm-1.tail55d152.ts.net:4100/planning:390
[  635683ms] [WARNING] [SSE] Connection lost. Re-orienting... @ https://vm-1.tail55d152.ts.net:4100/planning:390
[  640159ms] [LOG] [Dashboard] Heartbeat update received. @ https://vm-1.tail55d152.ts.net:4100/planning:374
[  640687ms] [WARNING] [SSE] Connection lost. Re-orienting... @ https://vm-1.tail55d152.ts.net:4100/planning:390
[  645692ms] [WARNING] [SSE] Connection lost. Re-orienting... @ https://vm-1.tail55d152.ts.net:4100/planning:390
[  650161ms] [LOG] [Dashboard] Heartbeat update received. @ https://vm-1.tail55d152.ts.net:4100/planning:374
[  650696ms] [WARNING] [SSE] Connection lost. Re-orienting... @ https://vm-1.tail55d152.ts.net:4100/planning:390
[  655700ms] [WARNING] [SSE] Connection lost. Re-orienting... @ https://vm-1.tail55d152.ts.net:4100/planning:390
[  660162ms] [LOG] [Dashboard] Heartbeat update received. @ https://vm-1.tail55d152.ts.net:4100/planning:374
[  660705ms] [WARNING] [SSE] Connection lost. Re-orienting... @ https://vm-1.tail55d152.ts.net:4100/planning:390
[  665710ms] [WARNING] [SSE] Connection lost. Re-orienting... @ https://vm-1.tail55d152.ts.net:4100/planning:390
[  670161ms] [LOG] [Dashboard] Heartbeat update received. @ https://vm-1.tail55d152.ts.net:4100/planning:374
[  670714ms] [WARNING] [SSE] Connection lost. Re-orienting... @ https://vm-1.tail55d152.ts.net:4100/planning:390
[  675717ms] [WARNING] [SSE] Connection lost. Re-orienting... @ https://vm-1.tail55d152.ts.net:4100/planning:390
[  680154ms] [LOG] [Dashboard] Heartbeat update received. @ https://vm-1.tail55d152.ts.net:4100/planning:374
[  680721ms] [WARNING] [SSE] Connection lost. Re-orienting... @ https://vm-1.tail55d152.ts.net:4100/planning:390
[  685725ms] [WARNING] [SSE] Connection lost. Re-orienting... @ https://vm-1.tail55d152.ts.net:4100/planning:390
[  690162ms] [LOG] [Dashboard] Heartbeat update received. @ https://vm-1.tail55d152.ts.net:4100/planning:374
[  690728ms] [WARNING] [SSE] Connection lost. Re-orienting... @ https://vm-1.tail55d152.ts.net:4100/planning:390
[  695732ms] [WARNING] [SSE] Connection lost. Re-orienting... @ https://vm-1.tail55d152.ts.net:4100/planning:390
[  700185ms] [LOG] [Dashboard] Heartbeat update received. @ https://vm-1.tail55d152.ts.net:4100/planning:374
[  700736ms] [WARNING] [SSE] Connection lost. Re-orienting... @ https://vm-1.tail55d152.ts.net:4100/planning:390
[  705740ms] [WARNING] [SSE] Connection lost. Re-orienting... @ https://vm-1.tail55d152.ts.net:4100/planning:390
[  710159ms] [LOG] [Dashboard] Heartbeat update received. @ https://vm-1.tail55d152.ts.net:4100/planning:374
[  710744ms] [WARNING] [SSE] Connection lost. Re-orienting... @ https://vm-1.tail55d152.ts.net:4100/planning:390
[  715748ms] [WARNING] [SSE] Connection lost. Re-orienting... @ https://vm-1.tail55d152.ts.net:4100/planning:390
[  720164ms] [LOG] [Dashboard] Heartbeat update received. @ https://vm-1.tail55d152.ts.net:4100/planning:374
[  720752ms] [WARNING] [SSE] Connection lost. Re-orienting... @ https://vm-1.tail55d152.ts.net:4100/planning:390
[  725756ms] [WARNING] [SSE] Connection lost. Re-orienting... @ https://vm-1.tail55d152.ts.net:4100/planning:390
[  730155ms] [LOG] [Dashboard] Heartbeat update received. @ https://vm-1.tail55d152.ts.net:4100/planning:374
[  730760ms] [WARNING] [SSE] Connection lost. Re-orienting... @ https://vm-1.tail55d152.ts.net:4100/planning:390
[  735764ms] [WARNING] [SSE] Connection lost. Re-orienting... @ https://vm-1.tail55d152.ts.net:4100/planning:390
[  740162ms] [LOG] [Dashboard] Heartbeat update received. @ https://vm-1.tail55d152.ts.net:4100/planning:374
[  740768ms] [WARNING] [SSE] Connection lost. Re-orienting... @ https://vm-1.tail55d152.ts.net:4100/planning:390
[  745772ms] [WARNING] [SSE] Connection lost. Re-orienting... @ https://vm-1.tail55d152.ts.net:4100/planning:390
[  750177ms] [LOG] [Dashboard] Heartbeat update received. @ https://vm-1.tail55d152.ts.net:4100/planning:374
[  750776ms] [WARNING] [SSE] Connection lost. Re-orienting... @ https://vm-1.tail55d152.ts.net:4100/planning:390
[  755781ms] [WARNING] [SSE] Connection lost. Re-orienting... @ https://vm-1.tail55d152.ts.net:4100/planning:390
[  760170ms] [LOG] [Dashboard] Heartbeat update received. @ https://vm-1.tail55d152.ts.net:4100/planning:374
[  760785ms] [WARNING] [SSE] Connection lost. Re-orienting... @ https://vm-1.tail55d152.ts.net:4100/planning:390
[  765789ms] [WARNING] [SSE] Connection lost. Re-orienting... @ https://vm-1.tail55d152.ts.net:4100/planning:390
[  770158ms] [LOG] [Dashboard] Heartbeat update received. @ https://vm-1.tail55d152.ts.net:4100/planning:374
[  770794ms] [WARNING] [SSE] Connection lost. Re-orienting... @ https://vm-1.tail55d152.ts.net:4100/planning:390
[  775798ms] [WARNING] [SSE] Connection lost. Re-orienting... @ https://vm-1.tail55d152.ts.net:4100/planning:390
[  780164ms] [LOG] [Dashboard] Heartbeat update received. @ https://vm-1.tail55d152.ts.net:4100/planning:374
[  780802ms] [WARNING] [SSE] Connection lost. Re-orienting... @ https://vm-1.tail55d152.ts.net:4100/planning:390
[  785806ms] [WARNING] [SSE] Connection lost. Re-orienting... @ https://vm-1.tail55d152.ts.net:4100/planning:390
[  790168ms] [LOG] [Dashboard] Heartbeat update received. @ https://vm-1.tail55d152.ts.net:4100/planning:374
[  790810ms] [WARNING] [SSE] Connection lost. Re-orienting... @ https://vm-1.tail55d152.ts.net:4100/planning:390
[  795817ms] [WARNING] [SSE] Connection lost. Re-orienting... @ https://vm-1.tail55d152.ts.net:4100/planning:390
[  800160ms] [LOG] [Dashboard] Heartbeat update received. @ https://vm-1.tail55d152.ts.net:4100/planning:374
[  800821ms] [WARNING] [SSE] Connection lost. Re-orienting... @ https://vm-1.tail55d152.ts.net:4100/planning:390
[  805827ms] [WARNING] [SSE] Connection lost. Re-orienting... @ https://vm-1.tail55d152.ts.net:4100/planning:390
[  810162ms] [LOG] [Dashboard] Heartbeat update received. @ https://vm-1.tail55d152.ts.net:4100/planning:374
[  810831ms] [WARNING] [SSE] Connection lost. Re-orienting... @ https://vm-1.tail55d152.ts.net:4100/planning:390
[  815834ms] [WARNING] [SSE] Connection lost. Re-orienting... @ https://vm-1.tail55d152.ts.net:4100/planning:390
[  820184ms] [LOG] [Dashboard] Heartbeat update received. @ https://vm-1.tail55d152.ts.net:4100/planning:374
[  820839ms] [WARNING] [SSE] Connection lost. Re-orienting... @ https://vm-1.tail55d152.ts.net:4100/planning:390
[  825843ms] [WARNING] [SSE] Connection lost. Re-orienting... @ https://vm-1.tail55d152.ts.net:4100/planning:390
[  830174ms] [LOG] [Dashboard] Heartbeat update received. @ https://vm-1.tail55d152.ts.net:4100/planning:374
[  830847ms] [WARNING] [SSE] Connection lost. Re-orienting... @ https://vm-1.tail55d152.ts.net:4100/planning:390
[  835850ms] [WARNING] [SSE] Connection lost. Re-orienting... @ https://vm-1.tail55d152.ts.net:4100/planning:390
[  840169ms] [LOG] [Dashboard] Heartbeat update received. @ https://vm-1.tail55d152.ts.net:4100/planning:374
[  840854ms] [WARNING] [SSE] Connection lost. Re-orienting... @ https://vm-1.tail55d152.ts.net:4100/planning:390
[  845857ms] [WARNING] [SSE] Connection lost. Re-orienting... @ https://vm-1.tail55d152.ts.net:4100/planning:390
[  850157ms] [LOG] [Dashboard] Heartbeat update received. @ https://vm-1.tail55d152.ts.net:4100/planning:374
[  850863ms] [WARNING] [SSE] Connection lost. Re-orienting... @ https://vm-1.tail55d152.ts.net:4100/planning:390
[  855866ms] [WARNING] [SSE] Connection lost. Re-orienting... @ https://vm-1.tail55d152.ts.net:4100/planning:390
[  860182ms] [LOG] [Dashboard] Heartbeat update received. @ https://vm-1.tail55d152.ts.net:4100/planning:374
[  860870ms] [WARNING] [SSE] Connection lost. Re-orienting... @ https://vm-1.tail55d152.ts.net:4100/planning:390
[  865875ms] [WARNING] [SSE] Connection lost. Re-orienting... @ https://vm-1.tail55d152.ts.net:4100/planning:390
[  870163ms] [LOG] [Dashboard] Heartbeat update received. @ https://vm-1.tail55d152.ts.net:4100/planning:374
[  870878ms] [WARNING] [SSE] Connection lost. Re-orienting... @ https://vm-1.tail55d152.ts.net:4100/planning:390
[  875882ms] [WARNING] [SSE] Connection lost. Re-orienting... @ https://vm-1.tail55d152.ts.net:4100/planning:390
[  880168ms] [LOG] [Dashboard] Heartbeat update received. @ https://vm-1.tail55d152.ts.net:4100/planning:374
[  880886ms] [WARNING] [SSE] Connection lost. Re-orienting... @ https://vm-1.tail55d152.ts.net:4100/planning:390
[  885891ms] [WARNING] [SSE] Connection lost. Re-orienting... @ https://vm-1.tail55d152.ts.net:4100/planning:390
[  890161ms] [LOG] [Dashboard] Heartbeat update received. @ https://vm-1.tail55d152.ts.net:4100/planning:374
[  890895ms] [WARNING] [SSE] Connection lost. Re-orienting... @ https://vm-1.tail55d152.ts.net:4100/planning:390
[  895899ms] [WARNING] [SSE] Connection lost. Re-orienting... @ https://vm-1.tail55d152.ts.net:4100/planning:390
[  900156ms] [LOG] [Dashboard] Heartbeat update received. @ https://vm-1.tail55d152.ts.net:4100/planning:374
[  900903ms] [WARNING] [SSE] Connection lost. Re-orienting... @ https://vm-1.tail55d152.ts.net:4100/planning:390
[  905908ms] [WARNING] [SSE] Connection lost. Re-orienting... @ https://vm-1.tail55d152.ts.net:4100/planning:390
[  910161ms] [LOG] [Dashboard] Heartbeat update received. @ https://vm-1.tail55d152.ts.net:4100/planning:374
[  910912ms] [WARNING] [SSE] Connection lost. Re-orienting... @ https://vm-1.tail55d152.ts.net:4100/planning:390
[  915915ms] [WARNING] [SSE] Connection lost. Re-orienting... @ https://vm-1.tail55d152.ts.net:4100/planning:390
[  920171ms] [LOG] [Dashboard] Heartbeat update received. @ https://vm-1.tail55d152.ts.net:4100/planning:374
[  920922ms] [WARNING] [SSE] Connection lost. Re-orienting... @ https://vm-1.tail55d152.ts.net:4100/planning:390
[  925940ms] [WARNING] [SSE] Connection lost. Re-orienting... @ https://vm-1.tail55d152.ts.net:4100/planning:390
[  930160ms] [LOG] [Dashboard] Heartbeat update received. @ https://vm-1.tail55d152.ts.net:4100/planning:374
[  931003ms] [WARNING] [SSE] Connection lost. Re-orienting... @ https://vm-1.tail55d152.ts.net:4100/planning:390
[  936007ms] [WARNING] [SSE] Connection lost. Re-orienting... @ https://vm-1.tail55d152.ts.net:4100/planning:390
[  940155ms] [LOG] [Dashboard] Heartbeat update received. @ https://vm-1.tail55d152.ts.net:4100/planning:374
[  941010ms] [WARNING] [SSE] Connection lost. Re-orienting... @ https://vm-1.tail55d152.ts.net:4100/planning:390
[  946014ms] [WARNING] [SSE] Connection lost. Re-orienting... @ https://vm-1.tail55d152.ts.net:4100/planning:390
[  950160ms] [LOG] [Dashboard] Heartbeat update received. @ https://vm-1.tail55d152.ts.net:4100/planning:374
[  951017ms] [WARNING] [SSE] Connection lost. Re-orienting... @ https://vm-1.tail55d152.ts.net:4100/planning:390
[  956022ms] [WARNING] [SSE] Connection lost. Re-orienting... @ https://vm-1.tail55d152.ts.net:4100/planning:390
[  960166ms] [LOG] [Dashboard] Heartbeat update received. @ https://vm-1.tail55d152.ts.net:4100/planning:374
[  961025ms] [WARNING] [SSE] Connection lost. Re-orienting... @ https://vm-1.tail55d152.ts.net:4100/planning:390
[  966029ms] [WARNING] [SSE] Connection lost. Re-orienting... @ https://vm-1.tail55d152.ts.net:4100/planning:390
[  970166ms] [LOG] [Dashboard] Heartbeat update received. @ https://vm-1.tail55d152.ts.net:4100/planning:374
[  971033ms] [WARNING] [SSE] Connection lost. Re-orienting... @ https://vm-1.tail55d152.ts.net:4100/planning:390
[  976037ms] [WARNING] [SSE] Connection lost. Re-orienting... @ https://vm-1.tail55d152.ts.net:4100/planning:390
[  980178ms] [LOG] [Dashboard] Heartbeat update received. @ https://vm-1.tail55d152.ts.net:4100/planning:374
[  981040ms] [WARNING] [SSE] Connection lost. Re-orienting... @ https://vm-1.tail55d152.ts.net:4100/planning:390
[  986044ms] [WARNING] [SSE] Connection lost. Re-orienting... @ https://vm-1.tail55d152.ts.net:4100/planning:390
[  990160ms] [LOG] [Dashboard] Heartbeat update received. @ https://vm-1.tail55d152.ts.net:4100/planning:374
[  991047ms] [WARNING] [SSE] Connection lost. Re-orienting... @ https://vm-1.tail55d152.ts.net:4100/planning:390
[  996051ms] [WARNING] [SSE] Connection lost. Re-orienting... @ https://vm-1.tail55d152.ts.net:4100/planning:390
[ 1000155ms] [LOG] [Dashboard] Heartbeat update received. @ https://vm-1.tail55d152.ts.net:4100/planning:374
[ 1001055ms] [WARNING] [SSE] Connection lost. Re-orienting... @ https://vm-1.tail55d152.ts.net:4100/planning:390
[ 1006058ms] [WARNING] [SSE] Connection lost. Re-orienting... @ https://vm-1.tail55d152.ts.net:4100/planning:390
[ 1010161ms] [LOG] [Dashboard] Heartbeat update received. @ https://vm-1.tail55d152.ts.net:4100/planning:374
[ 1011062ms] [WARNING] [SSE] Connection lost. Re-orienting... @ https://vm-1.tail55d152.ts.net:4100/planning:390
[ 1016066ms] [WARNING] [SSE] Connection lost. Re-orienting... @ https://vm-1.tail55d152.ts.net:4100/planning:390
[ 1020172ms] [LOG] [Dashboard] Heartbeat update received. @ https://vm-1.tail55d152.ts.net:4100/planning:374
[ 1021069ms] [WARNING] [SSE] Connection lost. Re-orienting... @ https://vm-1.tail55d152.ts.net:4100/planning:390
[ 1026073ms] [WARNING] [SSE] Connection lost. Re-orienting... @ https://vm-1.tail55d152.ts.net:4100/planning:390
[ 1030160ms] [LOG] [Dashboard] Heartbeat update received. @ https://vm-1.tail55d152.ts.net:4100/planning:374
[ 1031077ms] [WARNING] [SSE] Connection lost. Re-orienting... @ https://vm-1.tail55d152.ts.net:4100/planning:390
[ 1036081ms] [WARNING] [SSE] Connection lost. Re-orienting... @ https://vm-1.tail55d152.ts.net:4100/planning:390
[ 1040163ms] [LOG] [Dashboard] Heartbeat update received. @ https://vm-1.tail55d152.ts.net:4100/planning:374
[ 1041085ms] [WARNING] [SSE] Connection lost. Re-orienting... @ https://vm-1.tail55d152.ts.net:4100/planning:390
[ 1046089ms] [WARNING] [SSE] Connection lost. Re-orienting... @ https://vm-1.tail55d152.ts.net:4100/planning:390
[ 1050156ms] [LOG] [Dashboard] Heartbeat update received. @ https://vm-1.tail55d152.ts.net:4100/planning:374
[ 1051093ms] [WARNING] [SSE] Connection lost. Re-orienting... @ https://vm-1.tail55d152.ts.net:4100/planning:390
[ 1056097ms] [WARNING] [SSE] Connection lost. Re-orienting... @ https://vm-1.tail55d152.ts.net:4100/planning:390
[ 1060175ms] [LOG] [Dashboard] Heartbeat update received. @ https://vm-1.tail55d152.ts.net:4100/planning:374
[ 1061100ms] [WARNING] [SSE] Connection lost. Re-orienting... @ https://vm-1.tail55d152.ts.net:4100/planning:390
[ 1066104ms] [WARNING] [SSE] Connection lost. Re-orienting... @ https://vm-1.tail55d152.ts.net:4100/planning:390
[ 1070156ms] [LOG] [Dashboard] Heartbeat update received. @ https://vm-1.tail55d152.ts.net:4100/planning:374
[ 1071108ms] [WARNING] [SSE] Connection lost. Re-orienting... @ https://vm-1.tail55d152.ts.net:4100/planning:390
[ 1076112ms] [WARNING] [SSE] Connection lost. Re-orienting... @ https://vm-1.tail55d152.ts.net:4100/planning:390
[ 1080164ms] [LOG] [Dashboard] Heartbeat update received. @ https://vm-1.tail55d152.ts.net:4100/planning:374
[ 1081118ms] [WARNING] [SSE] Connection lost. Re-orienting... @ https://vm-1.tail55d152.ts.net:4100/planning:390
[ 1086122ms] [WARNING] [SSE] Connection lost. Re-orienting... @ https://vm-1.tail55d152.ts.net:4100/planning:390
[ 1090168ms] [LOG] [Dashboard] Heartbeat update received. @ https://vm-1.tail55d152.ts.net:4100/planning:374
[ 1091126ms] [WARNING] [SSE] Connection lost. Re-orienting... @ https://vm-1.tail55d152.ts.net:4100/planning:390
[ 1096130ms] [WARNING] [SSE] Connection lost. Re-orienting... @ https://vm-1.tail55d152.ts.net:4100/planning:390
[ 1100167ms] [LOG] [Dashboard] Heartbeat update received. @ https://vm-1.tail55d152.ts.net:4100/planning:374
[ 1101136ms] [WARNING] [SSE] Connection lost. Re-orienting... @ https://vm-1.tail55d152.ts.net:4100/planning:390
[ 1106139ms] [WARNING] [SSE] Connection lost. Re-orienting... @ https://vm-1.tail55d152.ts.net:4100/planning:390
[ 1110164ms] [LOG] [Dashboard] Heartbeat update received. @ https://vm-1.tail55d152.ts.net:4100/planning:374
[ 1111143ms] [WARNING] [SSE] Connection lost. Re-orienting... @ https://vm-1.tail55d152.ts.net:4100/planning:390
[ 1116147ms] [WARNING] [SSE] Connection lost. Re-orienting... @ https://vm-1.tail55d152.ts.net:4100/planning:390
[ 1120163ms] [LOG] [Dashboard] Heartbeat update received. @ https://vm-1.tail55d152.ts.net:4100/planning:374
[ 1121150ms] [WARNING] [SSE] Connection lost. Re-orienting... @ https://vm-1.tail55d152.ts.net:4100/planning:390
[ 1126154ms] [WARNING] [SSE] Connection lost. Re-orienting... @ https://vm-1.tail55d152.ts.net:4100/planning:390
[ 1130165ms] [LOG] [Dashboard] Heartbeat update received. @ https://vm-1.tail55d152.ts.net:4100/planning:374
[ 1131158ms] [WARNING] [SSE] Connection lost. Re-orienting... @ https://vm-1.tail55d152.ts.net:4100/planning:390
[ 1136162ms] [WARNING] [SSE] Connection lost. Re-orienting... @ https://vm-1.tail55d152.ts.net:4100/planning:390
[ 1140161ms] [LOG] [Dashboard] Heartbeat update received. @ https://vm-1.tail55d152.ts.net:4100/planning:374
[ 1141165ms] [WARNING] [SSE] Connection lost. Re-orienting... @ https://vm-1.tail55d152.ts.net:4100/planning:390
[ 1146169ms] [WARNING] [SSE] Connection lost. Re-orienting... @ https://vm-1.tail55d152.ts.net:4100/planning:390
[ 1150167ms] [LOG] [Dashboard] Heartbeat update received. @ https://vm-1.tail55d152.ts.net:4100/planning:374
[ 1151174ms] [WARNING] [SSE] Connection lost. Re-orienting... @ https://vm-1.tail55d152.ts.net:4100/planning:390
[ 1156178ms] [WARNING] [SSE] Connection lost. Re-orienting... @ https://vm-1.tail55d152.ts.net:4100/planning:390
[ 1160158ms] [LOG] [Dashboard] Heartbeat update received. @ https://vm-1.tail55d152.ts.net:4100/planning:374
[ 1161181ms] [WARNING] [SSE] Connection lost. Re-orienting... @ https://vm-1.tail55d152.ts.net:4100/planning:390
[ 1166185ms] [WARNING] [SSE] Connection lost. Re-orienting... @ https://vm-1.tail55d152.ts.net:4100/planning:390
[ 1170164ms] [LOG] [Dashboard] Heartbeat update received. @ https://vm-1.tail55d152.ts.net:4100/planning:374
[ 1171188ms] [WARNING] [SSE] Connection lost. Re-orienting... @ https://vm-1.tail55d152.ts.net:4100/planning:390
[ 1176192ms] [WARNING] [SSE] Connection lost. Re-orienting... @ https://vm-1.tail55d152.ts.net:4100/planning:390
[ 1180164ms] [LOG] [Dashboard] Heartbeat update received. @ https://vm-1.tail55d152.ts.net:4100/planning:374
[ 1181197ms] [WARNING] [SSE] Connection lost. Re-orienting... @ https://vm-1.tail55d152.ts.net:4100/planning:390
[ 1186200ms] [WARNING] [SSE] Connection lost. Re-orienting... @ https://vm-1.tail55d152.ts.net:4100/planning:390
[ 1190157ms] [LOG] [Dashboard] Heartbeat update received. @ https://vm-1.tail55d152.ts.net:4100/planning:374
[ 1191203ms] [WARNING] [SSE] Connection lost. Re-orienting... @ https://vm-1.tail55d152.ts.net:4100/planning:390
[ 1196207ms] [WARNING] [SSE] Connection lost. Re-orienting... @ https://vm-1.tail55d152.ts.net:4100/planning:390
[ 1200162ms] [LOG] [Dashboard] Heartbeat update received. @ https://vm-1.tail55d152.ts.net:4100/planning:374
[ 1201211ms] [WARNING] [SSE] Connection lost. Re-orienting... @ https://vm-1.tail55d152.ts.net:4100/planning:390
[ 1206215ms] [WARNING] [SSE] Connection lost. Re-orienting... @ https://vm-1.tail55d152.ts.net:4100/planning:390
[ 1210154ms] [LOG] [Dashboard] Heartbeat update received. @ https://vm-1.tail55d152.ts.net:4100/planning:374
[ 1211219ms] [WARNING] [SSE] Connection lost. Re-orienting... @ https://vm-1.tail55d152.ts.net:4100/planning:390
[ 1216223ms] [WARNING] [SSE] Connection lost. Re-orienting... @ https://vm-1.tail55d152.ts.net:4100/planning:390
[ 1220161ms] [LOG] [Dashboard] Heartbeat update received. @ https://vm-1.tail55d152.ts.net:4100/planning:374
[ 1221227ms] [WARNING] [SSE] Connection lost. Re-orienting... @ https://vm-1.tail55d152.ts.net:4100/planning:390
[ 1226230ms] [WARNING] [SSE] Connection lost. Re-orienting... @ https://vm-1.tail55d152.ts.net:4100/planning:390
[ 1230168ms] [LOG] [Dashboard] Heartbeat update received. @ https://vm-1.tail55d152.ts.net:4100/planning:374
[ 1231234ms] [WARNING] [SSE] Connection lost. Re-orienting... @ https://vm-1.tail55d152.ts.net:4100/planning:390
[ 1236238ms] [WARNING] [SSE] Connection lost. Re-orienting... @ https://vm-1.tail55d152.ts.net:4100/planning:390
[ 1240162ms] [LOG] [Dashboard] Heartbeat update received. @ https://vm-1.tail55d152.ts.net:4100/planning:374
[ 1241242ms] [WARNING] [SSE] Connection lost. Re-orienting... @ https://vm-1.tail55d152.ts.net:4100/planning:390
[ 1246246ms] [WARNING] [SSE] Connection lost. Re-orienting... @ https://vm-1.tail55d152.ts.net:4100/planning:390
[ 1250171ms] [LOG] [Dashboard] Heartbeat update received. @ https://vm-1.tail55d152.ts.net:4100/planning:374
[ 1251250ms] [WARNING] [SSE] Connection lost. Re-orienting... @ https://vm-1.tail55d152.ts.net:4100/planning:390
[ 1256253ms] [WARNING] [SSE] Connection lost. Re-orienting... @ https://vm-1.tail55d152.ts.net:4100/planning:390
[ 1260184ms] [LOG] [Dashboard] Heartbeat update received. @ https://vm-1.tail55d152.ts.net:4100/planning:374
[ 1261257ms] [WARNING] [SSE] Connection lost. Re-orienting... @ https://vm-1.tail55d152.ts.net:4100/planning:390
[ 1266261ms] [WARNING] [SSE] Connection lost. Re-orienting... @ https://vm-1.tail55d152.ts.net:4100/planning:390
[ 1270157ms] [LOG] [Dashboard] Heartbeat update received. @ https://vm-1.tail55d152.ts.net:4100/planning:374
[ 1271264ms] [WARNING] [SSE] Connection lost. Re-orienting... @ https://vm-1.tail55d152.ts.net:4100/planning:390
[ 1276268ms] [WARNING] [SSE] Connection lost. Re-orienting... @ https://vm-1.tail55d152.ts.net:4100/planning:390
[ 1280157ms] [LOG] [Dashboard] Heartbeat update received. @ https://vm-1.tail55d152.ts.net:4100/planning:374
[ 1281273ms] [WARNING] [SSE] Connection lost. Re-orienting... @ https://vm-1.tail55d152.ts.net:4100/planning:390
[ 1286276ms] [WARNING] [SSE] Connection lost. Re-orienting... @ https://vm-1.tail55d152.ts.net:4100/planning:390
[ 1290159ms] [LOG] [Dashboard] Heartbeat update received. @ https://vm-1.tail55d152.ts.net:4100/planning:374
[ 1291280ms] [WARNING] [SSE] Connection lost. Re-orienting... @ https://vm-1.tail55d152.ts.net:4100/planning:390
[ 1296283ms] [WARNING] [SSE] Connection lost. Re-orienting... @ https://vm-1.tail55d152.ts.net:4100/planning:390
[ 1300160ms] [LOG] [Dashboard] Heartbeat update received. @ https://vm-1.tail55d152.ts.net:4100/planning:374
[ 1301287ms] [WARNING] [SSE] Connection lost. Re-orienting... @ https://vm-1.tail55d152.ts.net:4100/planning:390
[ 1306290ms] [WARNING] [SSE] Connection lost. Re-orienting... @ https://vm-1.tail55d152.ts.net:4100/planning:390
[ 1310155ms] [LOG] [Dashboard] Heartbeat update received. @ https://vm-1.tail55d152.ts.net:4100/planning:374
[ 1311294ms] [WARNING] [SSE] Connection lost. Re-orienting... @ https://vm-1.tail55d152.ts.net:4100/planning:390
[ 1316297ms] [WARNING] [SSE] Connection lost. Re-orienting... @ https://vm-1.tail55d152.ts.net:4100/planning:390
[ 1320157ms] [LOG] [Dashboard] Heartbeat update received. @ https://vm-1.tail55d152.ts.net:4100/planning:374
[ 1321301ms] [WARNING] [SSE] Connection lost. Re-orienting... @ https://vm-1.tail55d152.ts.net:4100/planning:390
[ 1326305ms] [WARNING] [SSE] Connection lost. Re-orienting... @ https://vm-1.tail55d152.ts.net:4100/planning:390
[ 1330164ms] [LOG] [Dashboard] Heartbeat update received. @ https://vm-1.tail55d152.ts.net:4100/planning:374
[ 1331309ms] [WARNING] [SSE] Connection lost. Re-orienting... @ https://vm-1.tail55d152.ts.net:4100/planning:390
[ 1336314ms] [WARNING] [SSE] Connection lost. Re-orienting... @ https://vm-1.tail55d152.ts.net:4100/planning:390
[ 1340166ms] [LOG] [Dashboard] Heartbeat update received. @ https://vm-1.tail55d152.ts.net:4100/planning:374
[ 1341318ms] [WARNING] [SSE] Connection lost. Re-orienting... @ https://vm-1.tail55d152.ts.net:4100/planning:390
[ 1346324ms] [WARNING] [SSE] Connection lost. Re-orienting... @ https://vm-1.tail55d152.ts.net:4100/planning:390
[ 1350157ms] [LOG] [Dashboard] Heartbeat update received. @ https://vm-1.tail55d152.ts.net:4100/planning:374
[ 1351327ms] [WARNING] [SSE] Connection lost. Re-orienting... @ https://vm-1.tail55d152.ts.net:4100/planning:390
[ 1356330ms] [WARNING] [SSE] Connection lost. Re-orienting... @ https://vm-1.tail55d152.ts.net:4100/planning:390
[ 1360184ms] [LOG] [Dashboard] Heartbeat update received. @ https://vm-1.tail55d152.ts.net:4100/planning:374
[ 1361334ms] [WARNING] [SSE] Connection lost. Re-orienting... @ https://vm-1.tail55d152.ts.net:4100/planning:390
[ 1366338ms] [WARNING] [SSE] Connection lost. Re-orienting... @ https://vm-1.tail55d152.ts.net:4100/planning:390
[ 1370166ms] [LOG] [Dashboard] Heartbeat update received. @ https://vm-1.tail55d152.ts.net:4100/planning:374
[ 1371342ms] [WARNING] [SSE] Connection lost. Re-orienting... @ https://vm-1.tail55d152.ts.net:4100/planning:390
[ 1376346ms] [WARNING] [SSE] Connection lost. Re-orienting... @ https://vm-1.tail55d152.ts.net:4100/planning:390
[ 1380161ms] [LOG] [Dashboard] Heartbeat update received. @ https://vm-1.tail55d152.ts.net:4100/planning:374
[ 1381349ms] [WARNING] [SSE] Connection lost. Re-orienting... @ https://vm-1.tail55d152.ts.net:4100/planning:390
[ 1386353ms] [WARNING] [SSE] Connection lost. Re-orienting... @ https://vm-1.tail55d152.ts.net:4100/planning:390
[ 1390157ms] [LOG] [Dashboard] Heartbeat update received. @ https://vm-1.tail55d152.ts.net:4100/planning:374
[ 1391358ms] [WARNING] [SSE] Connection lost. Re-orienting... @ https://vm-1.tail55d152.ts.net:4100/planning:390
[ 1396362ms] [WARNING] [SSE] Connection lost. Re-orienting... @ https://vm-1.tail55d152.ts.net:4100/planning:390
[ 1400167ms] [LOG] [Dashboard] Heartbeat update received. @ https://vm-1.tail55d152.ts.net:4100/planning:374
[ 1401365ms] [WARNING] [SSE] Connection lost. Re-orienting... @ https://vm-1.tail55d152.ts.net:4100/planning:390
[ 1406369ms] [WARNING] [SSE] Connection lost. Re-orienting... @ https://vm-1.tail55d152.ts.net:4100/planning:390
[ 1410162ms] [LOG] [Dashboard] Heartbeat update received. @ https://vm-1.tail55d152.ts.net:4100/planning:374
[ 1411373ms] [WARNING] [SSE] Connection lost. Re-orienting... @ https://vm-1.tail55d152.ts.net:4100/planning:390
[ 1416377ms] [WARNING] [SSE] Connection lost. Re-orienting... @ https://vm-1.tail55d152.ts.net:4100/planning:390
[ 1420163ms] [LOG] [Dashboard] Heartbeat update received. @ https://vm-1.tail55d152.ts.net:4100/planning:374
[ 1421380ms] [WARNING] [SSE] Connection lost. Re-orienting... @ https://vm-1.tail55d152.ts.net:4100/planning:390
[ 1426384ms] [WARNING] [SSE] Connection lost. Re-orienting... @ https://vm-1.tail55d152.ts.net:4100/planning:390
[ 1430174ms] [LOG] [Dashboard] Heartbeat update received. @ https://vm-1.tail55d152.ts.net:4100/planning:374
[ 1431388ms] [WARNING] [SSE] Connection lost. Re-orienting... @ https://vm-1.tail55d152.ts.net:4100/planning:390
[ 1436391ms] [WARNING] [SSE] Connection lost. Re-orienting... @ https://vm-1.tail55d152.ts.net:4100/planning:390
[ 1440161ms] [LOG] [Dashboard] Heartbeat update received. @ https://vm-1.tail55d152.ts.net:4100/planning:374
[ 1441395ms] [WARNING] [SSE] Connection lost. Re-orienting... @ https://vm-1.tail55d152.ts.net:4100/planning:390
[ 1446399ms] [WARNING] [SSE] Connection lost. Re-orienting... @ https://vm-1.tail55d152.ts.net:4100/planning:390
[ 1450160ms] [LOG] [Dashboard] Heartbeat update received. @ https://vm-1.tail55d152.ts.net:4100/planning:374
[ 1451403ms] [WARNING] [SSE] Connection lost. Re-orienting... @ https://vm-1.tail55d152.ts.net:4100/planning:390
[ 1456407ms] [WARNING] [SSE] Connection lost. Re-orienting... @ https://vm-1.tail55d152.ts.net:4100/planning:390
[ 1460159ms] [LOG] [Dashboard] Heartbeat update received. @ https://vm-1.tail55d152.ts.net:4100/planning:374
[ 1461412ms] [WARNING] [SSE] Connection lost. Re-orienting... @ https://vm-1.tail55d152.ts.net:4100/planning:390
[ 1466415ms] [WARNING] [SSE] Connection lost. Re-orienting... @ https://vm-1.tail55d152.ts.net:4100/planning:390
[ 1470158ms] [LOG] [Dashboard] Heartbeat update received. @ https://vm-1.tail55d152.ts.net:4100/planning:374
[ 1471419ms] [WARNING] [SSE] Connection lost. Re-orienting... @ https://vm-1.tail55d152.ts.net:4100/planning:390
[ 1476423ms] [WARNING] [SSE] Connection lost. Re-orienting... @ https://vm-1.tail55d152.ts.net:4100/planning:390
[ 1480159ms] [LOG] [Dashboard] Heartbeat update received. @ https://vm-1.tail55d152.ts.net:4100/planning:374
[ 1481427ms] [WARNING] [SSE] Connection lost. Re-orienting... @ https://vm-1.tail55d152.ts.net:4100/planning:390
[ 1486431ms] [WARNING] [SSE] Connection lost. Re-orienting... @ https://vm-1.tail55d152.ts.net:4100/planning:390
[ 1490197ms] [LOG] [Dashboard] Heartbeat update received. @ https://vm-1.tail55d152.ts.net:4100/planning:374
[ 1491435ms] [WARNING] [SSE] Connection lost. Re-orienting... @ https://vm-1.tail55d152.ts.net:4100/planning:390
[ 1496439ms] [WARNING] [SSE] Connection lost. Re-orienting... @ https://vm-1.tail55d152.ts.net:4100/planning:390
[ 1500162ms] [LOG] [Dashboard] Heartbeat update received. @ https://vm-1.tail55d152.ts.net:4100/planning:374
[ 1501443ms] [WARNING] [SSE] Connection lost. Re-orienting... @ https://vm-1.tail55d152.ts.net:4100/planning:390
[ 1506447ms] [WARNING] [SSE] Connection lost. Re-orienting... @ https://vm-1.tail55d152.ts.net:4100/planning:390
[ 1510165ms] [LOG] [Dashboard] Heartbeat update received. @ https://vm-1.tail55d152.ts.net:4100/planning:374
[ 1511451ms] [WARNING] [SSE] Connection lost. Re-orienting... @ https://vm-1.tail55d152.ts.net:4100/planning:390
[ 1516454ms] [WARNING] [SSE] Connection lost. Re-orienting... @ https://vm-1.tail55d152.ts.net:4100/planning:390
[ 1520159ms] [LOG] [Dashboard] Heartbeat update received. @ https://vm-1.tail55d152.ts.net:4100/planning:374
[ 1521459ms] [WARNING] [SSE] Connection lost. Re-orienting... @ https://vm-1.tail55d152.ts.net:4100/planning:390
[ 1526463ms] [WARNING] [SSE] Connection lost. Re-orienting... @ https://vm-1.tail55d152.ts.net:4100/planning:390
[ 1530161ms] [LOG] [Dashboard] Heartbeat update received. @ https://vm-1.tail55d152.ts.net:4100/planning:374
[ 1531467ms] [WARNING] [SSE] Connection lost. Re-orienting... @ https://vm-1.tail55d152.ts.net:4100/planning:390
[ 1536470ms] [WARNING] [SSE] Connection lost. Re-orienting... @ https://vm-1.tail55d152.ts.net:4100/planning:390
[ 1540226ms] [LOG] [Dashboard] Heartbeat update received. @ https://vm-1.tail55d152.ts.net:4100/planning:374
[ 1541474ms] [WARNING] [SSE] Connection lost. Re-orienting... @ https://vm-1.tail55d152.ts.net:4100/planning:390
[ 1546478ms] [WARNING] [SSE] Connection lost. Re-orienting... @ https://vm-1.tail55d152.ts.net:4100/planning:390
[ 1550158ms] [LOG] [Dashboard] Heartbeat update received. @ https://vm-1.tail55d152.ts.net:4100/planning:374
[ 1551482ms] [WARNING] [SSE] Connection lost. Re-orienting... @ https://vm-1.tail55d152.ts.net:4100/planning:390
[ 1556488ms] [WARNING] [SSE] Connection lost. Re-orienting... @ https://vm-1.tail55d152.ts.net:4100/planning:390
[ 1560164ms] [LOG] [Dashboard] Heartbeat update received. @ https://vm-1.tail55d152.ts.net:4100/planning:374
[ 1561492ms] [WARNING] [SSE] Connection lost. Re-orienting... @ https://vm-1.tail55d152.ts.net:4100/planning:390
[ 1566496ms] [WARNING] [SSE] Connection lost. Re-orienting... @ https://vm-1.tail55d152.ts.net:4100/planning:390
[ 1570154ms] [LOG] [Dashboard] Heartbeat update received. @ https://vm-1.tail55d152.ts.net:4100/planning:374
[ 1571499ms] [WARNING] [SSE] Connection lost. Re-orienting... @ https://vm-1.tail55d152.ts.net:4100/planning:390
[ 1576503ms] [WARNING] [SSE] Connection lost. Re-orienting... @ https://vm-1.tail55d152.ts.net:4100/planning:390
[ 1580164ms] [LOG] [Dashboard] Heartbeat update received. @ https://vm-1.tail55d152.ts.net:4100/planning:374
[ 1581507ms] [WARNING] [SSE] Connection lost. Re-orienting... @ https://vm-1.tail55d152.ts.net:4100/planning:390
[ 1586511ms] [WARNING] [SSE] Connection lost. Re-orienting... @ https://vm-1.tail55d152.ts.net:4100/planning:390
[ 1590159ms] [LOG] [Dashboard] Heartbeat update received. @ https://vm-1.tail55d152.ts.net:4100/planning:374
[ 1591515ms] [WARNING] [SSE] Connection lost. Re-orienting... @ https://vm-1.tail55d152.ts.net:4100/planning:390
[ 1596519ms] [WARNING] [SSE] Connection lost. Re-orienting... @ https://vm-1.tail55d152.ts.net:4100/planning:390
[ 1600156ms] [LOG] [Dashboard] Heartbeat update received. @ https://vm-1.tail55d152.ts.net:4100/planning:374
[ 1601523ms] [WARNING] [SSE] Connection lost. Re-orienting... @ https://vm-1.tail55d152.ts.net:4100/planning:390
[ 1606527ms] [WARNING] [SSE] Connection lost. Re-orienting... @ https://vm-1.tail55d152.ts.net:4100/planning:390
[ 1610164ms] [LOG] [Dashboard] Heartbeat update received. @ https://vm-1.tail55d152.ts.net:4100/planning:374
[ 1611530ms] [WARNING] [SSE] Connection lost. Re-orienting... @ https://vm-1.tail55d152.ts.net:4100/planning:390
[ 1616534ms] [WARNING] [SSE] Connection lost. Re-orienting... @ https://vm-1.tail55d152.ts.net:4100/planning:390
[ 1620159ms] [LOG] [Dashboard] Heartbeat update received. @ https://vm-1.tail55d152.ts.net:4100/planning:374
[ 1621538ms] [WARNING] [SSE] Connection lost. Re-orienting... @ https://vm-1.tail55d152.ts.net:4100/planning:390
[ 1626542ms] [WARNING] [SSE] Connection lost. Re-orienting... @ https://vm-1.tail55d152.ts.net:4100/planning:390
[ 1630163ms] [LOG] [Dashboard] Heartbeat update received. @ https://vm-1.tail55d152.ts.net:4100/planning:374
[ 1631546ms] [WARNING] [SSE] Connection lost. Re-orienting... @ https://vm-1.tail55d152.ts.net:4100/planning:390
[ 1636549ms] [WARNING] [SSE] Connection lost. Re-orienting... @ https://vm-1.tail55d152.ts.net:4100/planning:390
[ 1640167ms] [LOG] [Dashboard] Heartbeat update received. @ https://vm-1.tail55d152.ts.net:4100/planning:374
[ 1641553ms] [WARNING] [SSE] Connection lost. Re-orienting... @ https://vm-1.tail55d152.ts.net:4100/planning:390
[ 1646557ms] [WARNING] [SSE] Connection lost. Re-orienting... @ https://vm-1.tail55d152.ts.net:4100/planning:390
[ 1650160ms] [LOG] [Dashboard] Heartbeat update received. @ https://vm-1.tail55d152.ts.net:4100/planning:374
[ 1651561ms] [WARNING] [SSE] Connection lost. Re-orienting... @ https://vm-1.tail55d152.ts.net:4100/planning:390
[ 1656565ms] [WARNING] [SSE] Connection lost. Re-orienting... @ https://vm-1.tail55d152.ts.net:4100/planning:390
[ 1660166ms] [LOG] [Dashboard] Heartbeat update received. @ https://vm-1.tail55d152.ts.net:4100/planning:374
[ 1661569ms] [WARNING] [SSE] Connection lost. Re-orienting... @ https://vm-1.tail55d152.ts.net:4100/planning:390
[ 1666574ms] [WARNING] [SSE] Connection lost. Re-orienting... @ https://vm-1.tail55d152.ts.net:4100/planning:390
[ 1670156ms] [LOG] [Dashboard] Heartbeat update received. @ https://vm-1.tail55d152.ts.net:4100/planning:374
[ 1671577ms] [WARNING] [SSE] Connection lost. Re-orienting... @ https://vm-1.tail55d152.ts.net:4100/planning:390
[ 1676581ms] [WARNING] [SSE] Connection lost. Re-orienting... @ https://vm-1.tail55d152.ts.net:4100/planning:390
[ 1680162ms] [LOG] [Dashboard] Heartbeat update received. @ https://vm-1.tail55d152.ts.net:4100/planning:374
[ 1681585ms] [WARNING] [SSE] Connection lost. Re-orienting... @ https://vm-1.tail55d152.ts.net:4100/planning:390
[ 1686589ms] [WARNING] [SSE] Connection lost. Re-orienting... @ https://vm-1.tail55d152.ts.net:4100/planning:390
[ 1690160ms] [LOG] [Dashboard] Heartbeat update received. @ https://vm-1.tail55d152.ts.net:4100/planning:374
[ 1691593ms] [WARNING] [SSE] Connection lost. Re-orienting... @ https://vm-1.tail55d152.ts.net:4100/planning:390
[ 1695933ms] [ERROR] Failed to load resource: net::ERR_CONNECTION_CLOSED @ https://vm-1.tail55d152.ts.net:4100/api/v1/plan/list/in_progress:0
[ 1695933ms] [ERROR] Failed to load resource: net::ERR_CONNECTION_RESET @ https://vm-1.tail55d152.ts.net:4100/api/v1/plan/status:0
[ 1696493ms] [ERROR] WebSocket connection to 'wss://vm-1.tail55d152.ts.net:4100/ws/planning' failed: Error in connection establishment: net::ERR_CONNECTION_CLOSED @ https://vm-1.tail55d152.ts.net:4100/static/planning-grid.js?v=22.6.1:1176
[ 1696595ms] [WARNING] [SSE] Connection lost. Re-orienting... @ https://vm-1.tail55d152.ts.net:4100/planning:390
[ 1696595ms] [ERROR] Failed to load resource: net::ERR_CONNECTION_CLOSED @ https://vm-1.tail55d152.ts.net:4100/api/v1/sse/mesh:0
[ 1696923ms] [ERROR] Failed to load resource: net::ERR_CONNECTION_CLOSED @ https://vm-1.tail55d152.ts.net:4100/api/v1/plan/list/in_progress:0
[ 1697923ms] [ERROR] Failed to load resource: net::ERR_CONNECTION_REFUSED @ https://vm-1.tail55d152.ts.net:4100/api/v1/plan/list/in_progress:0
[ 1698495ms] [ERROR] WebSocket connection to 'wss://vm-1.tail55d152.ts.net:4100/ws/planning' failed: Error in connection establishment: net::ERR_CONNECTION_REFUSED @ https://vm-1.tail55d152.ts.net:4100/static/planning-grid.js?v=22.6.1:1176
[ 1698923ms] [ERROR] Failed to load resource: net::ERR_CONNECTION_REFUSED @ https://vm-1.tail55d152.ts.net:4100/api/v1/plan/list/in_progress:0
[ 1698934ms] [ERROR] Failed to load resource: net::ERR_CONNECTION_REFUSED @ https://vm-1.tail55d152.ts.net:4100/api/v1/plan/list/in_progress:0
[ 1699923ms] [ERROR] Failed to load resource: net::ERR_CONNECTION_REFUSED @ https://vm-1.tail55d152.ts.net:4100/api/v1/plan/list/in_progress:0
[ 1699924ms] [ERROR] Failed to load resource: net::ERR_CONNECTION_REFUSED @ https://vm-1.tail55d152.ts.net:4100/api/v1/plan/list/in_progress:0
[ 1700125ms] [ERROR] Failed to load resource: net::ERR_CONNECTION_REFUSED @ https://vm-1.tail55d152.ts.net:4100/api/v1/dashboard:0
[ 1700923ms] [ERROR] Failed to load resource: net::ERR_CONNECTION_REFUSED @ https://vm-1.tail55d152.ts.net:4100/api/v1/plan/list/in_progress:0
[ 1700923ms] [ERROR] Failed to load resource: net::ERR_CONNECTION_REFUSED @ https://vm-1.tail55d152.ts.net:4100/api/v1/plan/status:0
[ 1700924ms] [ERROR] Failed to load resource: net::ERR_CONNECTION_REFUSED @ https://vm-1.tail55d152.ts.net:4100/api/v1/plan/list/in_progress:0
[ 1701598ms] [WARNING] [SSE] Connection lost. Re-orienting... @ https://vm-1.tail55d152.ts.net:4100/planning:390
[ 1701598ms] [ERROR] Failed to load resource: net::ERR_CONNECTION_REFUSED @ https://vm-1.tail55d152.ts.net:4100/api/v1/sse/mesh:0
[ 1701923ms] [ERROR] Failed to load resource: net::ERR_CONNECTION_REFUSED @ https://vm-1.tail55d152.ts.net:4100/api/v1/plan/list/in_progress:0
[ 1701924ms] [ERROR] Failed to load resource: net::ERR_CONNECTION_REFUSED @ https://vm-1.tail55d152.ts.net:4100/api/v1/plan/list/in_progress:0
[ 1702498ms] [ERROR] WebSocket connection to 'wss://vm-1.tail55d152.ts.net:4100/ws/planning' failed: Error in connection establishment: net::ERR_CONNECTION_REFUSED @ https://vm-1.tail55d152.ts.net:4100/static/planning-grid.js?v=22.6.1:1176
[ 1702923ms] [ERROR] Failed to load resource: net::ERR_CONNECTION_REFUSED @ https://vm-1.tail55d152.ts.net:4100/api/v1/plan/list/in_progress:0
[ 1702924ms] [ERROR] Failed to load resource: net::ERR_CONNECTION_REFUSED @ https://vm-1.tail55d152.ts.net:4100/api/v1/plan/list/in_progress:0
[ 1703923ms] [ERROR] Failed to load resource: net::ERR_CONNECTION_REFUSED @ https://vm-1.tail55d152.ts.net:4100/api/v1/plan/list/in_progress:0
[ 1703924ms] [ERROR] Failed to load resource: net::ERR_CONNECTION_REFUSED @ https://vm-1.tail55d152.ts.net:4100/api/v1/plan/list/in_progress:0
[ 1704923ms] [ERROR] Failed to load resource: net::ERR_CONNECTION_REFUSED @ https://vm-1.tail55d152.ts.net:4100/api/v1/plan/list/in_progress:0
[ 1704924ms] [ERROR] Failed to load resource: net::ERR_CONNECTION_REFUSED @ https://vm-1.tail55d152.ts.net:4100/api/v1/plan/list/in_progress:0
[ 1705923ms] [ERROR] Failed to load resource: net::ERR_CONNECTION_REFUSED @ https://vm-1.tail55d152.ts.net:4100/api/v1/plan/list/in_progress:0
[ 1705923ms] [ERROR] Failed to load resource: net::ERR_CONNECTION_REFUSED @ https://vm-1.tail55d152.ts.net:4100/api/v1/plan/status:0
[ 1705924ms] [ERROR] Failed to load resource: net::ERR_CONNECTION_REFUSED @ https://vm-1.tail55d152.ts.net:4100/api/v1/plan/list/in_progress:0
[ 1706600ms] [WARNING] [SSE] Connection lost. Re-orienting... @ https://vm-1.tail55d152.ts.net:4100/planning:390
[ 1706600ms] [ERROR] Failed to load resource: net::ERR_CONNECTION_REFUSED @ https://vm-1.tail55d152.ts.net:4100/api/v1/sse/mesh:0
[ 1706923ms] [ERROR] Failed to load resource: net::ERR_CONNECTION_REFUSED @ https://vm-1.tail55d152.ts.net:4100/api/v1/plan/list/in_progress:0
[ 1706924ms] [ERROR] Failed to load resource: net::ERR_CONNECTION_REFUSED @ https://vm-1.tail55d152.ts.net:4100/api/v1/plan/list/in_progress:0
[ 1707925ms] [ERROR] Failed to load resource: net::ERR_CONNECTION_REFUSED @ https://vm-1.tail55d152.ts.net:4100/api/v1/plan/list/in_progress:0
[ 1707926ms] [ERROR] Failed to load resource: net::ERR_CONNECTION_REFUSED @ https://vm-1.tail55d152.ts.net:4100/api/v1/plan/list/in_progress:0
[ 1708922ms] [ERROR] Failed to load resource: net::ERR_CONNECTION_REFUSED @ https://vm-1.tail55d152.ts.net:4100/api/v1/plan/list/in_progress:0
[ 1708925ms] [ERROR] Failed to load resource: net::ERR_CONNECTION_REFUSED @ https://vm-1.tail55d152.ts.net:4100/api/v1/plan/list/in_progress:0
[ 1710157ms] [LOG] [Dashboard] Heartbeat update received. @ https://vm-1.tail55d152.ts.net:4100/planning:374
[ 1711606ms] [WARNING] [SSE] Connection lost. Re-orienting... @ https://vm-1.tail55d152.ts.net:4100/planning:390
[ 1716609ms] [WARNING] [SSE] Connection lost. Re-orienting... @ https://vm-1.tail55d152.ts.net:4100/planning:390
[ 1720159ms] [LOG] [Dashboard] Heartbeat update received. @ https://vm-1.tail55d152.ts.net:4100/planning:374
[ 1721614ms] [WARNING] [SSE] Connection lost. Re-orienting... @ https://vm-1.tail55d152.ts.net:4100/planning:390
