[      30ms] [LOG] [C3I] Live data system active. Press ? for keyboard shortcuts. @ http://vm-1.tail55d152.ts.net:4101/planning:483
[      41ms] [WARNING] [SSE] Connection lost. Re-orienting... @ http://vm-1.tail55d152.ts.net:4101/planning:410
[      70ms] [WARNING] Filter Error - Cannot build header filter, No such editor found:  undefined @ https://unpkg.com/tabulator-tables@6.3.1/dist/js/tabulator.min.js:1
[      71ms] [WARNING] Filter Error - Cannot build header filter, No such editor found:  undefined @ https://unpkg.com/tabulator-tables@6.3.1/dist/js/tabulator.min.js:1
[      71ms] [WARNING] Filter Error - Cannot build header filter, No such editor found:  undefined @ https://unpkg.com/tabulator-tables@6.3.1/dist/js/tabulator.min.js:1
[      82ms] [WARNING] Filter Error - Cannot build header filter, No such editor found:  undefined @ https://unpkg.com/tabulator-tables@6.3.1/dist/js/tabulator.min.js:1
[      82ms] [WARNING] Filter Error - Cannot build header filter, No such editor found:  undefined @ https://unpkg.com/tabulator-tables@6.3.1/dist/js/tabulator.min.js:1
[      83ms] [WARNING] Filter Error - Cannot build header filter, No such editor found:  undefined @ https://unpkg.com/tabulator-tables@6.3.1/dist/js/tabulator.min.js:1
[      93ms] [WARNING] Filter Error - Cannot build header filter, No such editor found:  undefined @ https://unpkg.com/tabulator-tables@6.3.1/dist/js/tabulator.min.js:1
[      93ms] [WARNING] Filter Error - Cannot build header filter, No such editor found:  undefined @ https://unpkg.com/tabulator-tables@6.3.1/dist/js/tabulator.min.js:1
[      93ms] [WARNING] Filter Error - Cannot build header filter, No such editor found:  undefined @ https://unpkg.com/tabulator-tables@6.3.1/dist/js/tabulator.min.js:1
[     164ms] [LOG] [Dashboard] Heartbeat update received. @ http://vm-1.tail55d152.ts.net:4101/planning:394
[    5045ms] [WARNING] [SSE] Connection lost. Re-orienting... @ http://vm-1.tail55d152.ts.net:4101/planning:410
[   10048ms] [WARNING] [SSE] Connection lost. Re-orienting... @ http://vm-1.tail55d152.ts.net:4101/planning:410
[   10097ms] [LOG] [Dashboard] Heartbeat update received. @ http://vm-1.tail55d152.ts.net:4101/planning:394
[   15051ms] [WARNING] [SSE] Connection lost. Re-orienting... @ http://vm-1.tail55d152.ts.net:4101/planning:410
[   20095ms] [WARNING] [SSE] Connection lost. Re-orienting... @ http://vm-1.tail55d152.ts.net:4101/planning:410
[   20096ms] [LOG] [Dashboard] Heartbeat update received. @ http://vm-1.tail55d152.ts.net:4101/planning:394
[   25100ms] [WARNING] [SSE] Connection lost. Re-orienting... @ http://vm-1.tail55d152.ts.net:4101/planning:410
[   30066ms] [LOG] [Dashboard] Heartbeat update received. @ http://vm-1.tail55d152.ts.net:4101/planning:394
[   30104ms] [WARNING] [SSE] Connection lost. Re-orienting... @ http://vm-1.tail55d152.ts.net:4101/planning:410
[   35107ms] [WARNING] [SSE] Connection lost. Re-orienting... @ http://vm-1.tail55d152.ts.net:4101/planning:410
[   40069ms] [LOG] [Dashboard] Heartbeat update received. @ http://vm-1.tail55d152.ts.net:4101/planning:394
[   40111ms] [WARNING] [SSE] Connection lost. Re-orienting... @ http://vm-1.tail55d152.ts.net:4101/planning:410
