[      29ms] [LOG] [C3I] Live data system active. Press ? for keyboard shortcuts. @ http://vm-1.tail55d152.ts.net:4101/planning?v=redesign:485
[      81ms] [WARNING] Filter Error - Cannot build header filter, No such editor found:  undefined @ https://unpkg.com/tabulator-tables@6.3.1/dist/js/tabulator.min.js:1
[      81ms] [WARNING] Filter Error - Cannot build header filter, No such editor found:  undefined @ https://unpkg.com/tabulator-tables@6.3.1/dist/js/tabulator.min.js:1
[      81ms] [WARNING] Filter Error - Cannot build header filter, No such editor found:  undefined @ https://unpkg.com/tabulator-tables@6.3.1/dist/js/tabulator.min.js:1
[      93ms] [WARNING] Filter Error - Cannot build header filter, No such editor found:  undefined @ https://unpkg.com/tabulator-tables@6.3.1/dist/js/tabulator.min.js:1
[      93ms] [WARNING] Filter Error - Cannot build header filter, No such editor found:  undefined @ https://unpkg.com/tabulator-tables@6.3.1/dist/js/tabulator.min.js:1
[      93ms] [WARNING] Filter Error - Cannot build header filter, No such editor found:  undefined @ https://unpkg.com/tabulator-tables@6.3.1/dist/js/tabulator.min.js:1
[     106ms] [WARNING] Filter Error - Cannot build header filter, No such editor found:  undefined @ https://unpkg.com/tabulator-tables@6.3.1/dist/js/tabulator.min.js:1
[     106ms] [WARNING] Filter Error - Cannot build header filter, No such editor found:  undefined @ https://unpkg.com/tabulator-tables@6.3.1/dist/js/tabulator.min.js:1
[     106ms] [WARNING] Filter Error - Cannot build header filter, No such editor found:  undefined @ https://unpkg.com/tabulator-tables@6.3.1/dist/js/tabulator.min.js:1
[     183ms] [LOG] [Dashboard] Heartbeat update received. @ http://vm-1.tail55d152.ts.net:4101/planning?v=redesign:394
[   10077ms] [LOG] [Dashboard] Heartbeat update received. @ http://vm-1.tail55d152.ts.net:4101/planning?v=redesign:394
[   20066ms] [LOG] [Dashboard] Heartbeat update received. @ http://vm-1.tail55d152.ts.net:4101/planning?v=redesign:394
[   30065ms] [LOG] [Dashboard] Heartbeat update received. @ http://vm-1.tail55d152.ts.net:4101/planning?v=redesign:394
[   40073ms] [LOG] [Dashboard] Heartbeat update received. @ http://vm-1.tail55d152.ts.net:4101/planning?v=redesign:394
[   50069ms] [LOG] [Dashboard] Heartbeat update received. @ http://vm-1.tail55d152.ts.net:4101/planning?v=redesign:394
[   60068ms] [LOG] [Dashboard] Heartbeat update received. @ http://vm-1.tail55d152.ts.net:4101/planning?v=redesign:394
[   70066ms] [LOG] [Dashboard] Heartbeat update received. @ http://vm-1.tail55d152.ts.net:4101/planning?v=redesign:394
[   80067ms] [LOG] [Dashboard] Heartbeat update received. @ http://vm-1.tail55d152.ts.net:4101/planning?v=redesign:394
[   90066ms] [LOG] [Dashboard] Heartbeat update received. @ http://vm-1.tail55d152.ts.net:4101/planning?v=redesign:394
[  100078ms] [LOG] [Dashboard] Heartbeat update received. @ http://vm-1.tail55d152.ts.net:4101/planning?v=redesign:394
[  110071ms] [LOG] [Dashboard] Heartbeat update received. @ http://vm-1.tail55d152.ts.net:4101/planning?v=redesign:394
[  120069ms] [LOG] [Dashboard] Heartbeat update received. @ http://vm-1.tail55d152.ts.net:4101/planning?v=redesign:394
[  130069ms] [LOG] [Dashboard] Heartbeat update received. @ http://vm-1.tail55d152.ts.net:4101/planning?v=redesign:394
