TLC2 Version 2.19 of 08 August 2024 (rev: 5a47802)
Warning: Please run the Java VM which executes TLC with a throughput optimized garbage collector by passing the "-XX:+UseParallelGC" property.
(Use the -nowarning option to disable this warning.)
Running breadth-first search Model-Checking with fp 42 and seed -8465906232240180208 with 1 worker on 10 cores with 11440MB heap and 64MB offheap memory [pid: 1549121] (Linux 6.17.0-22-generic amd64, Eclipse Adoptium 21.0.11 x86_64, MSBDiskFPSet, DiskStateQueue).
Parsing file /home/an/dev/ver/c3i/specs/tla/WorkerDispatch.tla
Parsing file /tmp/Naturals.tla
Parsing file /tmp/Sequences.tla
Parsing file /tmp/FiniteSets.tla
Parsing file /tmp/TLC.tla
Semantic processing of module Naturals
Semantic processing of module Sequences
Semantic processing of module FiniteSets
Semantic processing of module TLC
Semantic processing of module WorkerDispatch
Starting... (2026-04-28 13:40:15)
Computing initial states...
Finished computing initial states: 1 distinct state generated at 2026-04-28 13:40:15.
Model checking completed. No error has been found.
  Estimates of the probability that TLC did not check all reachable states
  because two distinct states had the same fingerprint:
  calculated (optimistic):  val = 0.0
4681 states generated, 4681 distinct states found, 0 states left on queue.
The depth of the complete state graph search is 5.
The average outdegree of the complete state graph is 1 (minimum is 0, the maximum 8 and the 95th percentile is 8).
Finished in 00s at (2026-04-28 13:40:15)
